This is LuaTeX, Version beta-0.80.0 (TeX Live 2015/Debian) (rev 5238)  (format=lualatex 2018.5.10)  16 MAY 2018 19:14
 restricted \write18 enabled.
**t_tex.tex
(./t_tex.tex
LaTeX2e <2016/02/01>
Babel <3.9q> and hyphenation patterns for 1 language(s) loaded.
(/usr/share/texlive/texmf-dist/tex/luatex/luatexja/ltjsarticle.cls
Document Class: ltjsarticle 2016/01/30 
(/usr/share/texlive/texmf-dist/tex/luatex/luatexja/luatexja.sty
Package: luatexja 2015/11/03 Japanese Typesetting with Lua(La)TeX

(/usr/share/texlive/texmf-dist/tex/luatex/luatexja/luatexja-core.sty
Package: luatexja-core 2015/12/11 Core of LuaTeX-ja

(/usr/share/texlive/texmf-dist/tex/luatex/luatexbase/luatexbase.sty
Package: luatexbase 2015/10/04 v1.3 luatexbase interface to LuaTeX 

(/usr/share/texlive/texmf-dist/tex/luatex/ctablestack/ctablestack.sty
Package: ctablestack 2015/10/01 v1.0 Catcode table stable support
\@catcodetablestackcnt=\count79
)
\CatcodeTableOther=\catcodetable5
\CatcodeTableExpl=\catcodetable6
)
(/usr/share/texlive/texmf-dist/tex/luatex/luaotfload/luaotfload.sty
Package: luaotfload 2015/12/09 v2.6 OpenType layout system
Lua module: luaotfload-main 2015/12/09 2.60001 OpenType layout system.
Lua module: lualibs 2015-12-02 2.3 ConTeXt Lua standard libraries.
Lua module: lualibs-extended 2015-12-02 2.3 ConTeXt Lua libraries -- extended co
llection.(using write cache: /home/jj1hgp/.texmf-var/luatex-cache/generic)(using
 read cache: /var/lib/texmf/luatex-cache/generic /home/jj1hgp/.texmf-var/luatex-
cache/generic)
luaotfload | conf : Root cache directory is /home/jj1hgp/.texmf-var/luatex-cache
/generic/names.
luaotfload | init : Loading fontloader “fontloader-2016-02-12.lua” from kpse
-resolved path “/usr/share/texlive/texmf-dist/tex/luatex/luaotfload/fontloader
-2016-02-12.lua”.
Lua-only attribute luaotfload@state = 1
Lua-only attribute luaotfload@cursbase = 2
Lua-only attribute luaotfload@noligature = 3
luaotfload | init : Context OpenType loader version “2.82”
Inserting `luaotfload.node_processor' at position 1 in `pre_linebreak_filter'.
Inserting `luaotfload.node_processor' at position 1 in `hpack_filter'.
Inserting `luaotfload.define_font' at position 1 in `define_font'.
Lua-only attribute luaotfload_color_attribute = 4
luaotfload | conf : Root cache directory is /home/jj1hgp/.texmf-var/luatex-cache
/generic/names.
Inserting `luaotfload.aux.set_sscale_dimens' at position 1 in `luaotfload.patch_
font'.
Inserting `luaotfload.aux.patch_cambria_domh' at position 2 in `luaotfload.patch
_font'.
Inserting `luaotfload.aux.fixup_fontdata' at position 1 in `luaotfload.patch_fon
t_unsafe'.
Inserting `luaotfload.aux.set_capheight' at position 3 in `luaotfload.patch_font
'.
Inserting `luaotfload.rewrite_fontname' at position 4 in `luaotfload.patch_font'
.
luaotfload | main : initialization completed in 0.057 seconds)
(/usr/share/texlive/texmf-dist/tex/generic/oberdiek/ltxcmds.sty
Package: ltxcmds 2011/11/09 v1.22 LaTeX kernel commands for general use (HO)
)
(/usr/share/texlive/texmf-dist/tex/generic/oberdiek/pdftexcmds.sty
Package: pdftexcmds 2011/11/29 v0.20 Utility functions of pdfTeX for LuaTeX (HO)


(/usr/share/texlive/texmf-dist/tex/generic/oberdiek/infwarerr.sty
Package: infwarerr 2010/04/08 v1.3 Providing info/warning/error messages (HO)
)
(/usr/share/texlive/texmf-dist/tex/generic/oberdiek/ifluatex.sty
Package: ifluatex 2010/03/01 v1.3 Provides the ifluatex switch (HO)
Package ifluatex Info: LuaTeX detected.
)
(/usr/share/texlive/texmf-dist/tex/generic/oberdiek/ifpdf.sty
Package: ifpdf 2011/01/30 v2.3 Provides the ifpdf switch (HO)
Package ifpdf Info: pdfTeX in PDF mode is detected.
)
Package pdftexcmds Info: \pdf@primitive is available.
Package pdftexcmds Info: \pdf@ifprimitive is available.
Package pdftexcmds Info: \pdfdraftmode found.

(/usr/share/texlive/texmf-dist/tex/generic/oberdiek/luatex-loader.sty
Package: luatex-loader 2010/03/09 v0.4 Lua module loader (HO)

(/usr/share/texlive/texmf-dist/scripts/oberdiek/oberdiek.luatex.lua))
\pdftexcmds@toks=\toks14
)
(/usr/share/texlive/texmf-dist/tex/latex/xkeyval/xkeyval.sty
Package: xkeyval 2014/12/03 v2.7a package option processing (HA)

(/usr/share/texlive/texmf-dist/tex/generic/xkeyval/xkeyval.tex
(/usr/share/texlive/texmf-dist/tex/generic/xkeyval/xkvutils.tex
\XKV@toks=\toks15
\XKV@tempa@toks=\toks16

(/usr/share/texlive/texmf-dist/tex/generic/xkeyval/keyval.tex))
\XKV@depth=\count80
File: xkeyval.tex 2014/12/03 v2.7a key=value parser (HA)
))
(/usr/share/texlive/texmf-dist/tex/generic/oberdiek/atbegshi.sty
Package: atbegshi 2011/10/05 v1.16 At begin shipout hook (HO)
)
(/usr/share/texlive/texmf-dist/tex/latex/everyhook/everyhook.sty
(/usr/share/texlive/texmf-dist/tex/latex/svn-prov/svn-prov.sty
Package: svn-prov 2010/04/24 v3.1862 Package Date/Version from SVN Keywords
)
Package: everyhook 2014/11/26 v1.2 (SVN Rev: 12)\ Hooks for low level TeX everyX
 primitives.

(/usr/share/texlive/texmf-dist/tex/latex/etoolbox/etoolbox.sty
Package: etoolbox 2015/08/02 v2.2a e-TeX tools for LaTeX (JAW)
\etb@tempcnta=\count81
)
\everypar=\toks17
\frozen@everymath=\toks18
\frozen@everydisplay=\toks19
\everyhbox=\toks20
\everyvbox=\toks21
\everycr=\toks22
)
\ltj@zw=\dimen102
\ltj@zh=\dimen103
\jQ=\dimen104
\ltj@icflag=\attribute5
\ltj@curjfnt=\attribute6
\ltj@curtfnt=\attribute7
\ltj@origchar=\attribute8
\ltj@charclass=\attribute9
\ltj@charcode=\attribute10
\ltj@autospc=\attribute11
\ltj@autoxspc=\attribute12
\ltj@yablshift=\attribute13
\ltj@ykblshift=\attribute14
\ltj@tablshift=\attribute15
\ltj@tkblshift=\attribute16
\jfam=\attribute17
\ltj@dir=\attribute18
\ltj@@japanese=\language1
\ltj@tempcnta=\count82
\ltj@kcat0=\attribute19
\ltj@kcat1=\attribute20
\ltj@kcat2=\attribute21
\ltj@kcat3=\attribute22
\ltj@kcat4=\attribute23
\ltj@kcat5=\attribute24
\ltj@kcat6=\attribute25
Custom whatsit inhibitglue = 1
Custom whatsit stack_marker = 2
Custom whatsit begin_par = 3
Custom whatsit direction = 4(load cache: /home/jj1hgp/.texmf-var/luatexja/ltj-ci
d-auto-adobe-japan1.luc)
Lua module: luatexja.charrange 2014/05/08 Handling the range of Japanese charact
ers
Lua module: luatexja.stack 2014/05/08 LuaTeX-ja stack system
Inserting `ltj.create_dir_whatsit' at position 2 in `hpack_filter'.
Inserting `ltj.create_dir_whatsit' at position 1 in `post_linebreak_filter'.
Inserting `ltj.direction' at position 1 in `vpack_filter'.
Inserting `ltj.direction' at position 1 in `pre_output_filter'.
Inserting `ltj.direction' at position 1 in `buildpage_filter'.
Lua module: luatexja.jfont 2015/09/19 Loader for Japanese fonts
Module luatexbase Warning: resetting exclusive callback: define_font on input li
ne 181
Removing  `luaotfload.define_font' from `define_font'.
Inserting `luatexja.font_callback' at position 1 in `define_font'.
Removing  `luaotfload.aux.set_sscale_dimens' from `luaotfload.patch_font'.
Removing  `luaotfload.aux.patch_cambria_domh' from `luaotfload.patch_font'.
Removing  `luaotfload.aux.set_capheight' from `luaotfload.patch_font'.
Removing  `luaotfload.rewrite_fontname' from `luaotfload.patch_font'.
Inserting `ltj.prepare_extra_data' at position 1 in `luaotfload.patch_font'.
Inserting `luaotfload.aux.set_sscale_dimens' at position 2 in `luaotfload.patch_
font'.
Inserting `luaotfload.aux.patch_cambria_domh' at position 3 in `luaotfload.patch
_font'.
Inserting `luaotfload.aux.set_capheight' at position 4 in `luaotfload.patch_font
'.
Inserting `luaotfload.rewrite_fontname' at position 5 in `luaotfload.patch_font'
.
Inserting `ltj.prepare_extra_data' at position 1 in `luatexja.define_font'.
Inserting `1' at position 1 in `luatexja.define_jfont'.
Removing  `ltj.prepare_extra_data' from `luaotfload.patch_font'.
Removing  `luaotfload.aux.set_sscale_dimens' from `luaotfload.patch_font'.
Removing  `luaotfload.aux.patch_cambria_domh' from `luaotfload.patch_font'.
Removing  `luaotfload.aux.set_capheight' from `luaotfload.patch_font'.
Removing  `luaotfload.rewrite_fontname' from `luaotfload.patch_font'.
Inserting `ltj.supply_tounicode' at position 1 in `luaotfload.patch_font'.
Inserting `ltj.prepare_extra_data' at position 2 in `luaotfload.patch_font'.
Inserting `luaotfload.aux.set_sscale_dimens' at position 3 in `luaotfload.patch_
font'.
Inserting `luaotfload.aux.patch_cambria_domh' at position 4 in `luaotfload.patch
_font'.
Inserting `luaotfload.aux.set_capheight' at position 5 in `luaotfload.patch_font
'.
Inserting `luaotfload.rewrite_fontname' at position 6 in `luaotfload.patch_font'
.
Inserting `ltj.process_input_buffer' at position 1 in `process_input_buffer'.
Inserting `ltj.hyphenate' at position 1 in `hyphenate'.
Removing  `luaotfload.node_processor' from `hpack_filter'.
Removing  `ltj.create_dir_whatsit' from `hpack_filter'.
Inserting `ltj.set_stack_level' at position 1 in `hpack_filter'.
Inserting `luaotfload.node_processor' at position 2 in `hpack_filter'.
Inserting `ltj.create_dir_whatsit' at position 3 in `hpack_filter'.
Removing  `luaotfload.node_processor' from `pre_linebreak_filter'.
Inserting `ltj.set_stack_level' at position 1 in `pre_linebreak_filter'.
Inserting `luaotfload.node_processor' at position 2 in `pre_linebreak_filter'.
Lua module: luatexja.jfmglue 2015/05/03 Insertion process of JFM glues and kanji
skip
Inserting `luatexja.beginpar.np_info' at position 1 in `luatexja.jfmglue.whatsit
_getinfo'.
Inserting `luatexja.beginpar.np_info_after' at position 1 in `luatexja.jfmglue.w
hatsit_after'.
Inserting `ltj.mlist_to_hlist' at position 1 in `mlist_to_hlist'.
Lua module: luatexja.tangle 2011/05/14 
Inserting `ltj.main' at position 3 in `pre_linebreak_filter'.
Removing  `ltj.create_dir_whatsit' from `hpack_filter'.
Inserting `ltj.main' at position 3 in `hpack_filter'.
Inserting `ltj.create_dir_whatsit' at position 4 in `hpack_filter'.
Removing  `ltj.set_stack_level' from `pre_linebreak_filter'.
Removing  `luaotfload.node_processor' from `pre_linebreak_filter'.
Removing  `ltj.main' from `pre_linebreak_filter'.
Inserting `ltj.adjust_icflag' at position 1 in `pre_linebreak_filter'.
Inserting `ltj.set_stack_level' at position 2 in `pre_linebreak_filter'.
Inserting `luaotfload.node_processor' at position 3 in `pre_linebreak_filter'.
Inserting `ltj.main' at position 4 in `pre_linebreak_filter'.
Removing  `ltj.set_stack_level' from `hpack_filter'.
Removing  `luaotfload.node_processor' from `hpack_filter'.
Removing  `ltj.main' from `hpack_filter'.
Removing  `ltj.create_dir_whatsit' from `hpack_filter'.
Inserting `ltj.adjust_icflag' at position 1 in `hpack_filter'.
Inserting `ltj.set_stack_level' at position 2 in `hpack_filter'.
Inserting `luaotfload.node_processor' at position 3 in `hpack_filter'.
Inserting `ltj.main' at position 4 in `hpack_filter'.
Inserting `ltj.create_dir_whatsit' at position 5 in `hpack_filter'. (/usr/share
/texlive/texmf-dist/tex/luatex/luatexja/ltj-base.sty
Package: ltj-base 2014/07/18
\ltj@tempcntb=\count83
\ltj@tempcntc=\count84
\ltj@tempdima=\dimen105
\ltj@afbox=\box26
)
\ltj@@jfont@inner=\luafunction1
\ltj@zw@inner=\luafunction2
\ltj@zh@inner=\luafunction3
\ltj@reset@globaldefs@inner=\luafunction4
\ltj@restore@globaldefs@inner=\luafunction5
\ltj@@ihb@inner=\luafunction6
\ltj@@stack=\count85
\ltj@@group@level=\count86
\ltjsetkanjiskip@inner=\luafunction7
\ltjsetxkanjiskip@inner=\luafunction8
\ltj@@box@dirhook=\luafunction9
\ltj@@reset@badness@inner=\luafunction10

(/usr/share/texlive/texmf-dist/tex/luatex/luatexja/ltj-latex.sty
Package: ltj-latex 2015/09/21 LaTeX support of LuaTeX-ja

(/usr/share/texlive/texmf-dist/tex/luatex/luatexja/patches/lltjfont.sty
Package: lltjfont 2016/02/07 Patch to NFSS2 for LuaTeX-ja
\Cht=\dimen106
\cht=\dimen107
\Cdp=\dimen108
\cdp=\dimen109
\Cwd=\dimen110
\cwd=\dimen111
\Cvs=\dimen112
\cvs=\dimen113
\Chs=\dimen114
\chs=\dimen115
\cHT=\dimen116
\dstrutbox=\box27
\tstrutbox=\box28
\zstrutbox=\box29

(/usr/share/texlive/texmf-dist/tex/latex/ms/everysel.sty
Package: everysel 2011/10/28 v1.2 EverySelectfont Package (MS)
)
ABD: EverySelectfont initializing macros
LaTeX Info: Redefining \selectfont on input line 277.
\ltj@@adjust@baseline@inner=\luafunction11
LaTeX Info: Redefining \fontencoding on input line 452.
LaTeX Info: Redefining \fontfamily on input line 497.
LaTeX Info: Redefining \fontseries on input line 531.
LaTeX Info: Redefining \fontshape on input line 534.
LaTeX Info: Redefining \normalfont on input line 546.
)
(/usr/share/texlive/texmf-dist/tex/luatex/luatexja/patches/lltjdefs.sty
Package: lltjdefs 2016/01/30 Default font settings of LuaTeX-ja
Package lltjdefs Info: Cannot find file `luatexja.cfg'.
LaTeX Font Info:    Font shape `JT3/mc/m/n' will be
(Font)              scaled to size 9.6222pt on input line 44.
luaotfload | cache : Lookup cache loaded from /home/jj1hgp/.texmf-var/luatex-cac
he/generic/names/luaotfload-lookup-cache.luc.
luaotfload | db : Font names database loaded from /home/jj1hgp/.texmf-var/luatex
-cache/generic/names/luaotfload-names.luc
luaotfload | load : Lookup/name: "IPAExMincho" -> "fonts-japanese-mincho.ttf"(co
mpiling luc: /var/lib/texmf/luatex-cache/generic/fonts/otf/fonts-japanese-mincho
.luc)(load luc: /home/jj1hgp/.texmf-var/luatex-cache/generic/fonts/otf/fonts-jap
anese-mincho.luc)(load cache: /home/jj1hgp/.texmf-var/luatexja/extra_fonts-japan
ese-mincho.luc)
(/usr/share/texlive/texmf-dist/tex/luatex/luatexja/jfm-ujisv.lua)
LaTeX Font Info:    Font shape `JY3/mc/m/n' will be
(Font)              scaled to size 9.6222pt on input line 44.
luaotfload | load : Lookup/name: "IPAExMincho" -> "fonts-japanese-mincho.ttf"
(/usr/share/texlive/texmf-dist/tex/luatex/luatexja/jfm-ujis.lua)
\symmincho=\mathgroup4
LaTeX Font Info:    Overwriting symbol font `mincho' in version `bold'
(Font)                  JY3/mc/m/n --> JY3/gt/m/n on input line 53.
LaTeX Info: Redefining \rmfamily on input line 60.
LaTeX Info: Redefining \sffamily on input line 64.
LaTeX Info: Redefining \ttfamily on input line 68.
)
(/usr/share/texlive/texmf-dist/tex/luatex/luatexja/patches/lltjcore.sty
Package: lltjcore 2015/01/01 Patch to LaTeX2e Kernel for LuaTeX-ja
\@tombowwidth=\dimen117
\@TL=\box30
\@Tl=\box31
\@TC=\box32
\@TR=\box33
\@Tr=\box34
\@BL=\box35
\@Bl=\box36
\@BC=\box37
\@BR=\box38
\@Br=\box39
\@CL=\box40
\@CR=\box41
\@bannertoken=\toks23
\@@paperheight=\dimen118
\@@paperwidth=\dimen119
\@@topmargin=\dimen120
\hour=\count87
\minute=\count88
)
(/usr/share/texlive/texmf-dist/tex/luatex/luatexja/patches/lltjp-geometry.sty
Package: lltjp-geometry 2015/01/04 Patch to geometry for LuaTeX-ja with vertical
 writing mode

(/usr/share/texlive/texmf-dist/tex/latex/filehook/filehook.sty
Package: filehook 2011/10/12 v0.5d Hooks for input files
)))
\ltj@temp@cctb=\catcodetable7
)
(/usr/share/texlive/texmf-dist/tex/luatex/luatexja/luatexja-compat.sty
Package: luatexja-compat 2015/05/09 Compatibility with pTeX
(load cache: /home/jj1hgp/.texmf-var/luatexja/ltj-jisx0208.luc)
\hour=\count89
\minute=\count90
))
LaTeX Font Info:    Font shape `JY3/mc/m/n' will be
(Font)              scaled to size 9.24866pt on input line 405.
luaotfload | load : Lookup/name: "IPAExMincho" -> "fonts-japanese-mincho.ttf"
\fullwidth=\dimen121
LaTeX Font Info:    Font shape `JT3/mc/m/n' will be
(Font)              scaled to size 7.39893pt on input line 540.
luaotfload | load : Lookup/name: "IPAExMincho" -> "fonts-japanese-mincho.ttf"
LaTeX Font Info:    Font shape `JY3/mc/m/n' will be
(Font)              scaled to size 7.39893pt on input line 540.
luaotfload | load : Lookup/name: "IPAExMincho" -> "fonts-japanese-mincho.ttf"
\c@part=\count91
\c@section=\count92
\c@subsection=\count93
\c@subsubsection=\count94
\c@paragraph=\count95
\c@subparagraph=\count96
\@abstractbox=\box42
\c@figure=\count97
\c@table=\count98
\abovecaptionskip=\skip41
\belowcaptionskip=\skip42
LaTeX Info: Redefining \mc on input line 1140.
LaTeX Info: Redefining \gt on input line 1141.
\js@tocl@width=\dimen122
\@lnumwidth=\dimen123
\bibindent=\dimen124
LaTeX Info: Redefining \TeX on input line 1474.
LaTeX Info: Redefining \LaTeX on input line 1500.
LaTeX Info: Redefining \LaTeXe on input line 1525.
\heisei=\count99
)
(/usr/share/texlive/texmf-dist/tex/latex/listings/listings.sty
\lst@mode=\count100
\lst@gtempboxa=\box43
\lst@token=\toks24
\lst@length=\count101
\lst@currlwidth=\dimen125
\lst@column=\count102
\lst@pos=\count103
\lst@lostspace=\dimen126
\lst@width=\dimen127
\lst@newlines=\count104
\lst@lineno=\count105
\lst@maxwidth=\dimen128

(/usr/share/texlive/texmf-dist/tex/latex/listings/lstmisc.sty
File: lstmisc.sty 2015/06/04 1.6 (Carsten Heinz)
\c@lstnumber=\count106
\lst@skipnumbers=\count107
\lst@framebox=\box44
)
(/usr/share/texlive/texmf-dist/tex/latex/listings/listings.cfg
File: listings.cfg 2015/06/04 1.6 listings configuration
))
Package: listings 2015/06/04 1.6 (Carsten Heinz)

(/usr/share/texlive/texmf-dist/tex/latex/xcolor/xcolor.sty
Package: xcolor 2007/01/21 v2.11 LaTeX color extensions (UK)

(/usr/share/texlive/texmf-dist/tex/latex/latexconfig/color.cfg
File: color.cfg 2007/01/18 v1.5 color configuration of teTeX/TeXLive
)
Package xcolor Info: Driver file: dvipdfmx.def on input line 225.

(/usr/share/texlive/texmf-dist/tex/latex/dvipdfmx-def/dvipdfmx.def
File: dvipdfmx.def 2015/11/04 v4.07 LaTeX color/graphics driver for dvipdfmx (Te
X Live/ChoF)
)
(/usr/share/texlive/texmf-dist/tex/latex/colortbl/colortbl.sty
Package: colortbl 2012/02/13 v1.0a Color table columns (DPC)

(/usr/share/texlive/texmf-dist/tex/latex/tools/array.sty
Package: array 2014/10/28 v2.4c Tabular extension package (FMi)
\col@sep=\dimen129
\extrarowheight=\dimen130
\NC@list=\toks25
\extratabsurround=\skip43
\backup@length=\skip44
)
\everycr=\toks26
\minrowclearance=\skip45
)
\rownum=\count108
Package xcolor Info: Model `cmy' substituted by `cmy0' on input line 1337.
Package xcolor Info: Model `RGB' extended on input line 1353.
Package xcolor Info: Model `HTML' substituted by `rgb' on input line 1355.
Package xcolor Info: Model `Hsb' substituted by `hsb' on input line 1356.
Package xcolor Info: Model `tHsb' substituted by `hsb' on input line 1357.
Package xcolor Info: Model `HSB' substituted by `hsb' on input line 1358.
Package xcolor Info: Model `Gray' substituted by `gray' on input line 1359.
Package xcolor Info: Model `wave' substituted by `hsb' on input line 1360.

(/usr/share/texlive/texmf-dist/tex/latex/graphics/dvipsnam.def
File: dvipsnam.def 2015/12/30 v3.0k Driver-dependent file (DPC,SPQR)
)
(/usr/share/texlive/texmf-dist/tex/latex/xcolor/svgnam.def
File: svgnam.def 2007/01/21 v2.11 Predefined colors according to SVG 1.1 (UK)
)
(/usr/share/texlive/texmf-dist/tex/latex/xcolor/x11nam.def
File: x11nam.def 2007/01/21 v2.11 Predefined colors according to Unix/X11 (UK)
))
(/usr/share/texlive/texmf-dist/tex/latex/graphics/graphics.sty
Package: graphics 2016/01/03 v1.0q Standard LaTeX Graphics (DPC,SPQR)

(/usr/share/texlive/texmf-dist/tex/latex/graphics/trig.sty
Package: trig 2016/01/03 v1.10 sin cos tan (DPC)
)
(/usr/share/texlive/texmf-dist/tex/latex/latexconfig/graphics.cfg
File: graphics.cfg 2010/04/23 v1.9 graphics configuration of TeX Live
)
Package graphics Info: Driver file: pdftex.def on input line 95.

(/usr/share/texlive/texmf-dist/tex/latex/pdftex-def/pdftex.def
File: pdftex.def 2011/05/27 v0.06d Graphics/color for pdfTeX
\Gread@gobject=\count109
))
(/usr/share/texlive/texmf-dist/tex/latex/caption/caption.sty
Package: caption 2016/02/21 v3.3-144 Customizing captions (AR)

(/usr/share/texlive/texmf-dist/tex/latex/caption/caption3.sty
Package: caption3 2016/02/04 v1.7-139 caption3 kernel (AR)
Package caption3 Info: TeX engine: e-TeX on input line 67.
\captionmargin=\dimen131
\captionmargin@=\dimen132
\captionwidth=\dimen133
\caption@tempdima=\dimen134
\caption@indent=\dimen135
\caption@parindent=\dimen136
\caption@hangindent=\dimen137
Package caption Info: Unknown document class (or package),
(caption)             standard defaults will be used.
)

Package caption Warning: Unsupported document class (or package) detected,
(caption)                usage of the caption package is not recommended.
See the caption package documentation for explanation.

Package caption Info: \@makecaption = \long macro:#1#2->{\small \advance \leftsk
ip .0628\linewidth \advance \rightskip .0628\linewidth \vskip \abovecaptionskip 
\sbox \@tempboxa {#1{\hskip 1\zw }#2}\ifdim \wd \@tempboxa <\hsize \centering \f
i #1{\hskip 1\zw }#2\par \vskip \belowcaptionskip }.
\c@ContinuedFloat=\count110
Package caption Info: listings package is loaded.
) (/usr/share/texlive/texmf-dist/tex/latex/caption/subcaption.sty
Package: subcaption 2016/02/20 v1.1-142 Sub-captions (AR)
\c@subfigure=\count111
\c@subtable=\count112
) (./t_tex.aux)
\openout1 = t_tex.aux

LaTeX Font Info:    Checking defaults for OML/cmm/m/it on input line 56.
LaTeX Font Info:    ... okay on input line 56.
LaTeX Font Info:    Checking defaults for T1/cmr/m/n on input line 56.
LaTeX Font Info:    ... okay on input line 56.
LaTeX Font Info:    Checking defaults for OT1/cmr/m/n on input line 56.
LaTeX Font Info:    ... okay on input line 56.
LaTeX Font Info:    Checking defaults for OMS/cmsy/m/n on input line 56.
LaTeX Font Info:    ... okay on input line 56.
LaTeX Font Info:    Checking defaults for OMX/cmex/m/n on input line 56.
LaTeX Font Info:    ... okay on input line 56.
LaTeX Font Info:    Checking defaults for U/cmr/m/n on input line 56.
LaTeX Font Info:    ... okay on input line 56.
LaTeX Font Info:    Checking defaults for JY3/mc/m/n on input line 56.
LaTeX Font Info:    ... okay on input line 56.
LaTeX Font Info:    Checking defaults for JT3/mc/m/n on input line 56.
LaTeX Font Info:    ... okay on input line 56.
 (/usr/share/texlive/texmf-dist/tex/luatex/luatexja/patches/lltjp-listings.sty
Package: lltjp-listings 2016/02/07 Patch to listings for LuaTeX-ja
(/usr/share/texlive/texmf-dist/tex/luatex/luatexbase/luatexbase-cctb.sty
Package: luatexbase-cctb 2015/10/04 v1.3 luatexbase interface to LuaTeX (legacy 
subpackage) 
)
\CatcodeTableLTJlistings=\catcodetable8
\ltj@lst@frame@lslimit=\dimen138

(/usr/share/texlive/texmf-dist/tex/latex/listings/lstmisc.sty
File: lstmisc.sty 2015/06/04 1.6 (Carsten Heinz)
\lst@WFtoken=\toks27
\lst@WF=\write3
))
\AtBeginShipoutBox=\box45

ABD: EverySelectfont initializing macros
LaTeX Info: Redefining \selectfont on input line 56.
\c@lstlisting=\count113

(/usr/share/texlive/texmf-dist/tex/context/base/supp-pdf.mkii
[Loading MPS to PDF converter (version 2006.09.02).]
\scratchcounter=\count114
\scratchdimen=\dimen139
\scratchbox=\box46
\nofMPsegments=\count115
\nofMParguments=\count116
\everyMPshowfont=\toks28
\MPscratchCnt=\count117
\MPscratchDim=\dimen140
\MPnumerator=\count118
\makeMPintoPDFobject=\count119
\everyMPtoPDFconversion=\toks29
) (/usr/share/texlive/texmf-dist/tex/latex/oberdiek/epstopdf-base.sty
Package: epstopdf-base 2010/02/09 v2.5 Base part for package epstopdf

(/usr/share/texlive/texmf-dist/tex/latex/oberdiek/grfext.sty
Package: grfext 2010/08/19 v1.1 Manage graphics extensions (HO)

(/usr/share/texlive/texmf-dist/tex/generic/oberdiek/kvdefinekeys.sty
Package: kvdefinekeys 2011/04/07 v1.3 Define keys (HO)
))
(/usr/share/texlive/texmf-dist/tex/latex/oberdiek/kvoptions.sty
Package: kvoptions 2011/06/30 v3.11 Key value format for package options (HO)

(/usr/share/texlive/texmf-dist/tex/generic/oberdiek/kvsetkeys.sty
Package: kvsetkeys 2012/04/25 v1.16 Key value parser (HO)

(/usr/share/texlive/texmf-dist/tex/generic/oberdiek/etexcmds.sty
Package: etexcmds 2011/02/16 v1.5 Avoid name clashes with e-TeX commands (HO)
)))
Package epstopdf-base Info: Redefining graphics rule for `.eps' on input line 43
4.
Package grfext Info: Graphics extension search list:
(grfext)             [.png,.pdf,.jpg,.mps,.tif,.jpeg,.PNG,.PDF,.JPG,.JPEG,.eps]
(grfext)             \AppendGraphicsExtensions on input line 452.

(/usr/share/texlive/texmf-dist/tex/latex/latexconfig/epstopdf-sys.cfg
File: epstopdf-sys.cfg 2010/07/13 v1.3 Configuration of (r)epstopdf for TeX Live

))
Package caption Info: Begin \AtBeginDocument code.
Package caption Info: End \AtBeginDocument code.
LaTeX Font Info:    Font shape `JT3/mc/m/n' will be
(Font)              scaled to size 15.98167pt on input line 59.
luaotfload | load : Lookup/name: "IPAExMincho" -> "fonts-japanese-mincho.ttf"
LaTeX Font Info:    Font shape `JY3/mc/m/n' will be
(Font)              scaled to size 15.98167pt on input line 59.
luaotfload | load : Lookup/name: "IPAExMincho" -> "fonts-japanese-mincho.ttf"
LaTeX Font Info:    Font shape `JT3/mc/m/n' will be
(Font)              scaled to size 11.09839pt on input line 59.
luaotfload | load : Lookup/name: "IPAExMincho" -> "fonts-japanese-mincho.ttf"
LaTeX Font Info:    Font shape `JY3/mc/m/n' will be
(Font)              scaled to size 11.09839pt on input line 59.
luaotfload | load : Lookup/name: "IPAExMincho" -> "fonts-japanese-mincho.ttf"
LaTeX Font Info:    External font `cmex10' loaded for size
(Font)              <12> on input line 59.
LaTeX Font Info:    External font `cmex10' loaded for size
(Font)              <8> on input line 59.
LaTeX Font Info:    External font `cmex10' loaded for size
(Font)              <6> on input line 59.
LaTeX Font Info:    Font shape `JY3/mc/m/n' will be
(Font)              scaled to size 5.5492pt on input line 59.
luaotfload | load : Lookup/name: "IPAExMincho" -> "fonts-japanese-mincho.ttf"
LaTeX Font Info:    Font shape `JT3/mc/m/n' will be
(Font)              scaled to size 13.31805pt on input line 61.
luaotfload | load : Lookup/name: "IPAExMincho" -> "fonts-japanese-mincho.ttf"
LaTeX Font Info:    Font shape `JY3/mc/m/n' will be
(Font)              scaled to size 13.31805pt on input line 61.
luaotfload | load : Lookup/name: "IPAExMincho" -> "fonts-japanese-mincho.ttf"
LaTeX Font Info:    Font shape `JT3/gt/m/n' will be
(Font)              scaled to size 13.31805pt on input line 61.
luaotfload | load : Lookup/name: "IPAExGothic" -> "fonts-japanese-gothic.ttf"(co
mpiling luc: /var/lib/texmf/luatex-cache/generic/fonts/otf/fonts-japanese-gothic
.luc)(load luc: /home/jj1hgp/.texmf-var/luatex-cache/generic/fonts/otf/fonts-jap
anese-gothic.luc)(load cache: /home/jj1hgp/.texmf-var/luatexja/extra_fonts-japan
ese-gothic.luc)
LaTeX Font Info:    Font shape `JY3/gt/m/n' will be
(Font)              scaled to size 13.31805pt on input line 61.
luaotfload | load : Lookup/name: "IPAExGothic" -> "fonts-japanese-gothic.ttf" (/usr/share/texlive/texmf-dist/tex/latex/listings/lstlang1.sty
File: lstlang1.sty 2015/06/04 1.6 listings language file
)
(/usr/share/texlive/texmf-dist/tex/latex/listings/lstlang2.sty
File: lstlang2.sty 2015/06/04 1.6 listings language file
)
(/usr/share/texlive/texmf-dist/tex/latex/listings/lstlang3.sty
File: lstlang3.sty 2015/06/04 1.6 listings language file
)
(/usr/share/texlive/texmf-dist/tex/latex/listings/lstlang1.sty
File: lstlang1.sty 2015/06/04 1.6 listings language file
)
(/usr/share/texlive/texmf-dist/tex/latex/listings/lstlang2.sty
File: lstlang2.sty 2015/06/04 1.6 listings language file
)
(/usr/share/texlive/texmf-dist/tex/latex/listings/lstlang3.sty
File: lstlang3.sty 2015/06/04 1.6 listings language file
)
(/usr/share/texlive/texmf-dist/tex/latex/listings/lstlang1.sty
File: lstlang1.sty 2015/06/04 1.6 listings language file
)
(/usr/share/texlive/texmf-dist/tex/latex/listings/lstlang2.sty
File: lstlang2.sty 2015/06/04 1.6 listings language file
)
(/usr/share/texlive/texmf-dist/tex/latex/listings/lstlang3.sty
File: lstlang3.sty 2015/06/04 1.6 listings language file
)
(/usr/share/texlive/texmf-dist/tex/latex/listings/lstmisc.sty
File: lstmisc.sty 2015/06/04 1.6 (Carsten Heinz)
)
Removing  `ltj.process_input_buffer' from `process_input_buffer'.
Inserting `ltj.listings_unicode' at position 1 in `process_input_buffer'.
Inserting `ltj.process_input_buffer' at position 2 in `process_input_buffer'. (./t_tex.tex
LaTeX Font Info:    Font shape `JT3/mc/m/n' will be
(Font)              scaled to size 4.62433pt on input line 1.
luaotfload | load : Lookup/name: "IPAExMincho" -> "fonts-japanese-mincho.ttf"
LaTeX Font Info:    Font shape `JY3/mc/m/n' will be
(Font)              scaled to size 4.62433pt on input line 1.
luaotfload | load : Lookup/name: "IPAExMincho" -> "fonts-japanese-mincho.ttf"
LaTeX Font Info:    Try loading font information for OMS+cmr on input line 1.

(/usr/share/texlive/texmf-dist/tex/latex/base/omscmr.fd
File: omscmr.fd 2014/09/29 v2.5h Standard LaTeX font definitions
)
LaTeX Font Info:    Font shape `OMS/cmr/m/n' in size <10> not available
(Font)              Font shape `OMS/cmsy/m/n' tried instead on input line 1.


LaTeX Font Warning: Font shape `JT3/mc/m/it' undefined
(Font)              using `JT3/mc/m/n' instead on input line 3.

LaTeX Font Info:    Font shape `JY3/mc/m/it' in size <10> not available
(Font)              Font shape `JY3/mc/m/n' tried instead on input line 3.
LaTeX Font Info:    Font shape `JY3/mc/m/n' will be
(Font)              scaled to size 9.24866pt on input line 3.
luaotfload | load : Lookup/name: "IPAExMincho" -> "fonts-japanese-mincho.ttf"
LaTeX Font Info:    Font shape `JT3/mc/m/it' will be
(Font)              scaled to size 9.24866pt on input line 3.
luaotfload | load : Lookup/name: "IPAExMincho" -> "fonts-japanese-mincho.ttf"
LaTeX Font Info:    Font shape `OMS/cmr/m/it' in size <10> not available
(Font)              Font shape `OMS/cmsy/m/n' tried instead on input line 7.
LaTeX Font Info:    Font shape `JT3/mc/bx/n' in size <10> not available
(Font)              Font shape `JT3/gt/m/n' tried instead on input line 8.
LaTeX Font Info:    Font shape `JT3/gt/m/n' will be
(Font)              scaled to size 9.24866pt on input line 8.
luaotfload | load : Lookup/name: "IPAExGothic" -> "fonts-japanese-gothic.ttf"
LaTeX Font Info:    Font shape `JY3/mc/bx/n' in size <10> not available
(Font)              Font shape `JY3/gt/m/n' tried instead on input line 8.
LaTeX Font Info:    Font shape `JY3/gt/m/n' will be
(Font)              scaled to size 9.24866pt on input line 8.
luaotfload | load : Lookup/name: "IPAExGothic" -> "fonts-japanese-gothic.ttf" [
1

{/var/lib/texmf/fonts/map/pdftex/updmap/pdftex.map}] [2])
Removing  `ltj.listings_unicode' from `process_input_buffer'. [3] (./t_tex.aux)

LaTeX Font Warning: Some font shapes were not available, defaults substituted.


LaTeX Warning: Label(s) may have changed. Rerun to get cross-references right.

)

Here is how much of LuaTeX's memory you used:
 8618 strings out of 495004
 476909,266212 words of node,token memory allocated
 7953 words of node memory still in use:
   7 hlist, 1 vlist, 5 rule, 3 glue, 45 kern, 1 glyph, 1574 attribute, 1046 glue
_spec, 85 attribute_list, 1 write, 10 user_defined nodes
   avail lists: 1:8,2:93013,3:108,4:12753,5:7463,6:1581,7:4960,8:1,9:7566,10:423
 11736 multiletter control sequences out of 65536+600000
 53 fonts using 38523959 bytes
 61i,7n,125p,968b,1574s stack positions out of 5000i,500n,10000p,200000b,100000s
</usr/share/fonts/truetype/fonts-japanese-gothic.ttf></usr/share/fonts/truetype/
fonts-japanese-mincho.ttf><</usr/share/texlive/texmf-dist/fonts/type1/public/ams
fonts/cm/cmbx10.pfb><</usr/share/texlive/texmf-dist/fonts/type1/public/amsfonts/
cm/cmr10.pfb><</usr/share/texlive/texmf-dist/fonts/type1/public/amsfonts/cm/cmr1
2.pfb><</usr/share/texlive/texmf-dist/fonts/type1/public/amsfonts/cm/cmr5.pfb><<
/usr/share/texlive/texmf-dist/fonts/type1/public/amsfonts/cm/cmss12.pfb><</usr/s
hare/texlive/texmf-dist/fonts/type1/public/amsfonts/cm/cmsy10.pfb><</usr/share/t
exlive/texmf-dist/fonts/type1/public/amsfonts/cm/cmti10.pfb>
Output written on t_tex.pdf (3 pages, 301731 bytes).

PDF statistics: 56 PDF objects out of 1000 (max. 8388607)
 37 compressed objects within 1 object stream
 0 named destinations out of 1000 (max. 131072)
 1 words of extra memory for PDF output out of 10000 (max. 10000000)

