

times in msec
 clock   self+sourced   self:  sourced script
 clock   elapsed:              other lines

000.017  000.017: --- VIM STARTING ---
000.288  000.271: Allocated generic buffers
000.968  000.680: locale set
000.994  000.026: GUI prepared
001.000  000.006: clipboard setup
001.018  000.018: window checked
013.343  012.325: inits 1
013.617  000.274: parsing arguments
013.622  000.005: expanding arguments
013.741  000.119: shell init
014.940  001.199: Termcap init
015.055  000.115: inits 2
015.475  000.420: init highlight
022.036  002.944  002.944: sourcing /usr/local/share/vim/vim81/syntax/syncolor.vim
022.457  004.013  001.069: sourcing /usr/local/share/vim/vim81/syntax/synload.vim
039.463  016.426  016.426: sourcing /usr/local/share/vim/vim81/filetype.vim
039.682  021.949  001.510: sourcing /usr/local/share/vim/vim81/syntax/syntax.vim
040.276  000.078  000.078: sourcing /usr/local/share/vim/vim81/filetype.vim
041.048  000.189  000.189: sourcing /usr/local/share/vim/vim81/ftplugin.vim
041.868  000.181  000.181: sourcing /usr/local/share/vim/vim81/indent.vim
046.958  000.486  000.486: sourcing /usr/local/share/vim/vim81/syntax/syncolor.vim
048.336  000.493  000.493: sourcing /usr/local/share/vim/vim81/syntax/syncolor.vim
049.559  000.479  000.479: sourcing /usr/local/share/vim/vim81/syntax/syncolor.vim
050.970  005.437  003.979: sourcing /home/jj1hgp/.vim/colors/iceberg.vim
054.774  038.122  010.288: sourcing ~/.vim/vimrc
054.827  001.230: sourcing vimrc file(s)
059.665  000.273  000.273: sourcing /usr/local/share/vim/vim81/plugin/getscriptPlugin.vim
060.798  000.662  000.662: sourcing /usr/local/share/vim/vim81/plugin/gzip.vim
061.981  000.771  000.771: sourcing /usr/local/share/vim/vim81/plugin/logiPat.vim
062.561  000.162  000.162: sourcing /usr/local/share/vim/vim81/plugin/manpager.vim
063.639  000.646  000.646: sourcing /usr/local/share/vim/vim81/plugin/matchparen.vim
065.861  001.793  001.793: sourcing /usr/local/share/vim/vim81/plugin/netrwPlugin.vim
066.593  000.200  000.200: sourcing /usr/local/share/vim/vim81/plugin/rrhelper.vim
067.245  000.151  000.151: sourcing /usr/local/share/vim/vim81/plugin/spellfile.vim
068.224  000.563  000.563: sourcing /usr/local/share/vim/vim81/plugin/tarPlugin.vim
069.186  000.475  000.475: sourcing /usr/local/share/vim/vim81/plugin/tohtml.vim
070.436  000.673  000.673: sourcing /usr/local/share/vim/vim81/plugin/vimballPlugin.vim
071.446  000.534  000.534: sourcing /usr/local/share/vim/vim81/plugin/zipPlugin.vim
074.586  001.920  001.920: sourcing /usr/local/share/vim/vim81/pack/dist/opt/matchit/plugin/matchit.vim
074.686  011.036: loading plugins
080.607  003.856  003.856: sourcing /home/jj1hgp/.vim/pack/mypack/start/Align.vim/plugin/AlignMapsPlugin.vim
081.334  000.273  000.273: sourcing /home/jj1hgp/.vim/pack/mypack/start/Align.vim/plugin/AlignPlugin.vim
083.195  001.294  001.294: sourcing /home/jj1hgp/.vim/pack/mypack/start/Align.vim/plugin/cecutil.vim
086.653  000.536  000.536: sourcing /home/jj1hgp/.vim/pack/mypack/start/ale.vim/autoload/ale/events.vim
087.408  003.051  002.515: sourcing /home/jj1hgp/.vim/pack/mypack/start/ale.vim/plugin/ale.vim
089.535  000.553  000.553: sourcing /home/jj1hgp/.vim/pack/mypack/start/neosnippet.vim/plugin/neosnippet.vim
090.420  000.169  000.169: sourcing /home/jj1hgp/.vim/pack/mypack/start/neosnippet.vim/ftdetect/neosnippet.vim
093.130  001.691  001.691: sourcing /home/jj1hgp/.vim/pack/mypack/start/tagbar.vim/plugin/tagbar.vim
093.690  008.117: loading packages
093.828  000.138: loading after plugins
093.871  000.043: inits 3
097.219  003.348: reading viminfo
126.224  029.005: setup clipboard
126.414  000.190: setting raw mode
127.394  000.980: start termcap
129.847  002.453: clearing screen
143.316  001.645  001.645: sourcing /usr/local/share/vim/vim81/autoload/dist/ft.vim
148.247  002.678  002.678: sourcing /usr/local/share/vim/vim81/syntax/initex.vim
150.937  006.286  003.608: sourcing /usr/local/share/vim/vim81/syntax/plaintex.vim
154.051  000.230  000.230: sourcing /usr/local/share/vim/vim81/ftplugin/initex.vim
154.263  000.989  000.759: sourcing /usr/local/share/vim/vim81/ftplugin/plaintex.vim
157.401  018.634: opening buffers
157.590  000.189: BufEnter autocommands
157.601  000.011: editing files in windows
158.430  000.829: VimEnter autocommands
158.438  000.008: before starting main loop
161.419  002.981: first screen update
161.424  000.005: --- VIM STARTED ---
