

times in msec
 clock   self+sourced   self:  sourced script
 clock   elapsed:              other lines

000.005  000.005: --- VIM STARTING ---
000.122  000.117: Allocated generic buffers
003.619  003.497: locale set
003.639  000.020: GUI prepared
003.642  000.003: clipboard setup
003.648  000.006: window checked
012.844  009.196: inits 1
012.902  000.058: parsing arguments
012.903  000.001: expanding arguments
012.943  000.040: shell init
013.543  000.600: Termcap init
013.579  000.036: inits 2
013.702  000.123: init highlight
022.100  006.479  006.479: sourcing /home/jj1hgp/.vim/filetype.vim
022.575  000.042  000.042: sourcing /usr/local/share/vim/vim80/filetype.vim
022.944  000.066  000.066: sourcing /home/jj1hgp/.vim/indent.vim
023.437  000.034  000.034: sourcing /usr/local/share/vim/vim80/indent.vim
023.806  000.027  000.027: sourcing /home/jj1hgp/.vim/filetype.vim
024.127  000.026  000.026: sourcing /usr/local/share/vim/vim80/filetype.vim
024.505  000.068  000.068: sourcing /home/jj1hgp/.vim/ftplugin.vim
025.187  000.038  000.038: sourcing /usr/local/share/vim/vim80/ftplugin.vim
025.536  000.028  000.028: sourcing /home/jj1hgp/.vim/filetype.vim
025.860  000.027  000.027: sourcing /usr/local/share/vim/vim80/filetype.vim
028.295  001.681  001.681: sourcing /home/jj1hgp/.vim/colors/iceberg.vim
030.146  000.257  000.257: sourcing /home/jj1hgp/.vim/syntax/syncolor.vim
030.782  000.205  000.205: sourcing /usr/local/share/vim/vim80/syntax/syncolor.vim
031.412  000.225  000.225: sourcing /home/jj1hgp/.vim/syntax/syncolor.vim
031.959  000.205  000.205: sourcing /usr/local/share/vim/vim80/syntax/syncolor.vim
032.501  003.092  002.200: sourcing /home/jj1hgp/.vim/colors/iceberg.vim
032.607  003.472  000.380: sourcing /home/jj1hgp/.vim/syntax/synload.vim
032.650  003.900  000.428: sourcing /usr/local/share/vim/vim80/syntax/syntax.vim
033.834  000.031  000.031: sourcing /home/jj1hgp/.vim/filetype.vim
034.204  000.030  000.030: sourcing /usr/local/share/vim/vim80/filetype.vim
034.576  000.027  000.027: sourcing /home/jj1hgp/.vim/ftplugin.vim
034.926  000.027  000.027: sourcing /usr/local/share/vim/vim80/ftplugin.vim
035.247  000.026  000.026: sourcing /home/jj1hgp/.vim/indent.vim
035.580  000.027  000.027: sourcing /usr/local/share/vim/vim80/indent.vim
036.578  000.340  000.340: sourcing /usr/local/share/vim/vim80/syntax/nosyntax.vim
037.776  000.207  000.207: sourcing /home/jj1hgp/.vim/syntax/syncolor.vim
038.267  000.168  000.168: sourcing /usr/local/share/vim/vim80/syntax/syncolor.vim
038.910  000.207  000.207: sourcing /home/jj1hgp/.vim/syntax/syncolor.vim
039.460  000.214  000.214: sourcing /usr/local/share/vim/vim80/syntax/syncolor.vim
040.090  003.009  002.213: sourcing /home/jj1hgp/.vim/colors/iceberg.vim
040.203  003.382  000.373: sourcing /home/jj1hgp/.vim/syntax/synload.vim
040.250  004.365  000.643: sourcing /usr/local/share/vim/vim80/syntax/syntax.vim
047.333  032.269  015.320: sourcing ~/.vim/vimrc
047.352  001.381: sourcing vimrc file(s)
052.032  000.117  000.117: sourcing /home/jj1hgp/.vim/plugin/getscriptPlugin.vim
052.639  000.362  000.362: sourcing /home/jj1hgp/.vim/plugin/gzip.vim
053.147  000.289  000.289: sourcing /home/jj1hgp/.vim/plugin/logiPat.vim
053.405  000.036  000.036: sourcing /home/jj1hgp/.vim/plugin/manpager.vim
053.845  000.219  000.219: sourcing /home/jj1hgp/.vim/plugin/matchparen.vim
054.721  000.655  000.655: sourcing /home/jj1hgp/.vim/plugin/netrwPlugin.vim
055.048  000.073  000.073: sourcing /home/jj1hgp/.vim/plugin/rrhelper.vim
055.329  000.056  000.056: sourcing /home/jj1hgp/.vim/plugin/spellfile.vim
055.812  000.199  000.199: sourcing /home/jj1hgp/.vim/plugin/tarPlugin.vim
056.206  000.165  000.165: sourcing /home/jj1hgp/.vim/plugin/tohtml.vim
056.656  000.231  000.231: sourcing /home/jj1hgp/.vim/plugin/vimballPlugin.vim
057.171  000.268  000.268: sourcing /home/jj1hgp/.vim/plugin/zipPlugin.vim
059.406  000.044  000.044: sourcing /usr/local/share/vim/vim80/plugin/getscriptPlugin.vim
059.678  000.036  000.036: sourcing /usr/local/share/vim/vim80/plugin/gzip.vim
059.963  000.057  000.057: sourcing /usr/local/share/vim/vim80/plugin/logiPat.vim
060.250  000.035  000.035: sourcing /usr/local/share/vim/vim80/plugin/manpager.vim
060.522  000.043  000.043: sourcing /usr/local/share/vim/vim80/plugin/matchparen.vim
060.800  000.050  000.050: sourcing /usr/local/share/vim/vim80/plugin/netrwPlugin.vim
061.053  000.035  000.035: sourcing /usr/local/share/vim/vim80/plugin/rrhelper.vim
061.305  000.036  000.036: sourcing /usr/local/share/vim/vim80/plugin/spellfile.vim
061.579  000.044  000.044: sourcing /usr/local/share/vim/vim80/plugin/tarPlugin.vim
061.925  000.074  000.074: sourcing /usr/local/share/vim/vim80/plugin/tohtml.vim
062.190  000.044  000.044: sourcing /usr/local/share/vim/vim80/plugin/vimballPlugin.vim
062.456  000.048  000.048: sourcing /usr/local/share/vim/vim80/plugin/zipPlugin.vim
062.477  011.909: loading plugins
064.238  000.212  000.212: sourcing /home/jj1hgp/.vim/pack/mypack/start/neosnippet.vim/plugin/neosnippet.vim
064.871  000.048  000.048: sourcing /home/jj1hgp/.vim/pack/mypack/start/neosnippet.vim/ftdetect/neosnippet.vim
067.240  000.043  000.043: sourcing /home/jj1hgp/.vim/pack/mypack/start/syntastic.vim/plugin/syntastic/autoloclist.vim
067.600  000.042  000.042: sourcing /home/jj1hgp/.vim/pack/mypack/start/syntastic.vim/plugin/syntastic/balloons.vim
067.879  000.035  000.035: sourcing /home/jj1hgp/.vim/pack/mypack/start/syntastic.vim/plugin/syntastic/checker.vim
068.143  000.034  000.034: sourcing /home/jj1hgp/.vim/pack/mypack/start/syntastic.vim/plugin/syntastic/cursor.vim
068.408  000.035  000.035: sourcing /home/jj1hgp/.vim/pack/mypack/start/syntastic.vim/plugin/syntastic/highlighting.vim
068.708  000.035  000.035: sourcing /home/jj1hgp/.vim/pack/mypack/start/syntastic.vim/plugin/syntastic/loclist.vim
068.971  000.034  000.034: sourcing /home/jj1hgp/.vim/pack/mypack/start/syntastic.vim/plugin/syntastic/modemap.vim
069.239  000.034  000.034: sourcing /home/jj1hgp/.vim/pack/mypack/start/syntastic.vim/plugin/syntastic/notifiers.vim
069.516  000.044  000.044: sourcing /home/jj1hgp/.vim/pack/mypack/start/syntastic.vim/plugin/syntastic/registry.vim
069.801  000.035  000.035: sourcing /home/jj1hgp/.vim/pack/mypack/start/syntastic.vim/plugin/syntastic/signs.vim
071.479  000.568  000.568: sourcing /home/jj1hgp/.vim/pack/mypack/start/syntastic.vim/autoload/syntastic/util.vim
138.164  000.094  000.094: sourcing /home/jj1hgp/.vim/pack/mypack/start/syntastic.vim/plugin/syntastic/autoloclist.vim
138.495  000.083  000.083: sourcing /home/jj1hgp/.vim/pack/mypack/start/syntastic.vim/plugin/syntastic/balloons.vim
139.030  000.258  000.258: sourcing /home/jj1hgp/.vim/pack/mypack/start/syntastic.vim/plugin/syntastic/checker.vim
139.419  000.127  000.127: sourcing /home/jj1hgp/.vim/pack/mypack/start/syntastic.vim/plugin/syntastic/cursor.vim
139.819  000.113  000.113: sourcing /home/jj1hgp/.vim/pack/mypack/start/syntastic.vim/plugin/syntastic/highlighting.vim
140.423  000.346  000.346: sourcing /home/jj1hgp/.vim/pack/mypack/start/syntastic.vim/plugin/syntastic/loclist.vim
140.811  000.121  000.121: sourcing /home/jj1hgp/.vim/pack/mypack/start/syntastic.vim/plugin/syntastic/modemap.vim
141.212  000.103  000.103: sourcing /home/jj1hgp/.vim/pack/mypack/start/syntastic.vim/plugin/syntastic/notifiers.vim
141.922  000.468  000.468: sourcing /home/jj1hgp/.vim/pack/mypack/start/syntastic.vim/plugin/syntastic/registry.vim
142.371  000.173  000.173: sourcing /home/jj1hgp/.vim/pack/mypack/start/syntastic.vim/plugin/syntastic/signs.vim
143.678  073.654  071.200: sourcing /home/jj1hgp/.vim/pack/mypack/start/syntastic.vim/plugin/syntastic.vim
145.394  000.846  000.846: sourcing /home/jj1hgp/.vim/pack/mypack/start/tagbar.vim/plugin/tagbar.vim
145.898  008.290: loading packages
146.072  000.174: loading after plugins
146.105  000.033: inits 3
147.735  001.630: reading viminfo
163.607  015.872: setup clipboard
163.715  000.108: setting raw mode
164.074  000.359: start termcap
164.122  000.048: clearing screen
185.334  000.390  000.390: sourcing /home/jj1hgp/.vim/pack/mypack/start/syntastic.vim/autoload/syntastic/log.vim
185.416  020.904: opening buffers
186.298  000.882: BufEnter autocommands
186.304  000.006: editing files in windows
189.502  003.198: VimEnter autocommands
189.506  000.004: before starting main loop
190.615  001.109: first screen update
190.617  000.002: --- VIM STARTED ---


times in msec
 clock   self+sourced   self:  sourced script
 clock   elapsed:              other lines

000.007  000.007: --- VIM STARTING ---
000.135  000.128: Allocated generic buffers
003.047  002.912: locale set
003.066  000.019: GUI prepared
003.068  000.002: clipboard setup
003.075  000.007: window checked
011.979  008.904: inits 1
012.041  000.062: parsing arguments
012.042  000.001: expanding arguments
012.080  000.038: shell init
012.666  000.586: Termcap init
012.702  000.036: inits 2
012.823  000.121: init highlight
021.084  006.280  006.280: sourcing /usr/local/share/vim/vim80/filetype.vim
021.559  000.073  000.073: sourcing /usr/local/share/vim/vim80/indent.vim
022.012  000.027  000.027: sourcing /usr/local/share/vim/vim80/filetype.vim
022.460  000.068  000.068: sourcing /usr/local/share/vim/vim80/ftplugin.vim
022.879  000.032  000.032: sourcing /usr/local/share/vim/vim80/filetype.vim
025.018  001.566  001.566: sourcing /home/jj1hgp/.vim/colors/iceberg.vim
026.660  000.260  000.260: sourcing /usr/local/share/vim/vim80/syntax/syncolor.vim
027.389  000.200  000.200: sourcing /usr/local/share/vim/vim80/syntax/syncolor.vim
027.929  002.007  001.547: sourcing /home/jj1hgp/.vim/colors/iceberg.vim
028.064  002.423  000.416: sourcing /usr/local/share/vim/vim80/syntax/synload.vim
028.125  002.848  000.425: sourcing /usr/local/share/vim/vim80/syntax/syntax.vim
029.120  000.029  000.029: sourcing /usr/local/share/vim/vim80/filetype.vim
029.527  000.027  000.027: sourcing /usr/local/share/vim/vim80/ftplugin.vim
029.962  000.028  000.028: sourcing /usr/local/share/vim/vim80/indent.vim
030.796  000.252  000.252: sourcing /usr/local/share/vim/vim80/syntax/nosyntax.vim
032.694  000.318  000.318: sourcing /usr/local/share/vim/vim80/syntax/syncolor.vim
033.815  000.355  000.355: sourcing /usr/local/share/vim/vim80/syntax/syncolor.vim
034.833  003.259  002.586: sourcing /home/jj1hgp/.vim/colors/iceberg.vim
034.996  003.788  000.529: sourcing /usr/local/share/vim/vim80/syntax/synload.vim
035.067  004.804  000.764: sourcing /usr/local/share/vim/vim80/syntax/syntax.vim
042.713  028.545  012.763: sourcing ~/.vim/vimrc
042.730  001.362: sourcing vimrc file(s)
045.339  000.106  000.106: sourcing /usr/local/share/vim/vim80/plugin/getscriptPlugin.vim
045.918  000.357  000.357: sourcing /usr/local/share/vim/vim80/plugin/gzip.vim
046.434  000.289  000.289: sourcing /usr/local/share/vim/vim80/plugin/logiPat.vim
046.705  000.036  000.036: sourcing /usr/local/share/vim/vim80/plugin/manpager.vim
047.145  000.225  000.225: sourcing /usr/local/share/vim/vim80/plugin/matchparen.vim
048.056  000.656  000.656: sourcing /usr/local/share/vim/vim80/plugin/netrwPlugin.vim
048.391  000.074  000.074: sourcing /usr/local/share/vim/vim80/plugin/rrhelper.vim
048.701  000.060  000.060: sourcing /usr/local/share/vim/vim80/plugin/spellfile.vim
049.122  000.187  000.187: sourcing /usr/local/share/vim/vim80/plugin/tarPlugin.vim
049.531  000.167  000.167: sourcing /usr/local/share/vim/vim80/plugin/tohtml.vim
049.977  000.217  000.217: sourcing /usr/local/share/vim/vim80/plugin/vimballPlugin.vim
050.461  000.211  000.211: sourcing /usr/local/share/vim/vim80/plugin/zipPlugin.vim
050.475  005.160: loading plugins
051.762  000.203  000.203: sourcing /home/jj1hgp/.vim/pack/mypack/start/neosnippet.vim/plugin/neosnippet.vim
052.202  000.046  000.046: sourcing /home/jj1hgp/.vim/pack/mypack/start/neosnippet.vim/ftdetect/neosnippet.vim
053.392  000.036  000.036: sourcing /home/jj1hgp/.vim/pack/mypack/start/syntastic.vim/plugin/syntastic/autoloclist.vim
053.668  000.037  000.037: sourcing /home/jj1hgp/.vim/pack/mypack/start/syntastic.vim/plugin/syntastic/balloons.vim
053.985  000.041  000.041: sourcing /home/jj1hgp/.vim/pack/mypack/start/syntastic.vim/plugin/syntastic/checker.vim
054.262  000.035  000.035: sourcing /home/jj1hgp/.vim/pack/mypack/start/syntastic.vim/plugin/syntastic/cursor.vim
054.530  000.033  000.033: sourcing /home/jj1hgp/.vim/pack/mypack/start/syntastic.vim/plugin/syntastic/highlighting.vim
054.796  000.035  000.035: sourcing /home/jj1hgp/.vim/pack/mypack/start/syntastic.vim/plugin/syntastic/loclist.vim
055.086  000.034  000.034: sourcing /home/jj1hgp/.vim/pack/mypack/start/syntastic.vim/plugin/syntastic/modemap.vim
055.350  000.034  000.034: sourcing /home/jj1hgp/.vim/pack/mypack/start/syntastic.vim/plugin/syntastic/notifiers.vim
055.613  000.034  000.034: sourcing /home/jj1hgp/.vim/pack/mypack/start/syntastic.vim/plugin/syntastic/registry.vim
055.881  000.035  000.035: sourcing /home/jj1hgp/.vim/pack/mypack/start/syntastic.vim/plugin/syntastic/signs.vim
057.097  000.569  000.569: sourcing /home/jj1hgp/.vim/pack/mypack/start/syntastic.vim/autoload/syntastic/util.vim
113.083  000.094  000.094: sourcing /home/jj1hgp/.vim/pack/mypack/start/syntastic.vim/plugin/syntastic/autoloclist.vim
113.422  000.083  000.083: sourcing /home/jj1hgp/.vim/pack/mypack/start/syntastic.vim/plugin/syntastic/balloons.vim
113.911  000.244  000.244: sourcing /home/jj1hgp/.vim/pack/mypack/start/syntastic.vim/plugin/syntastic/checker.vim
114.322  000.131  000.131: sourcing /home/jj1hgp/.vim/pack/mypack/start/syntastic.vim/plugin/syntastic/cursor.vim
114.705  000.112  000.112: sourcing /home/jj1hgp/.vim/pack/mypack/start/syntastic.vim/plugin/syntastic/highlighting.vim
115.312  000.352  000.352: sourcing /home/jj1hgp/.vim/pack/mypack/start/syntastic.vim/plugin/syntastic/loclist.vim
115.710  000.121  000.121: sourcing /home/jj1hgp/.vim/pack/mypack/start/syntastic.vim/plugin/syntastic/modemap.vim
116.059  000.101  000.101: sourcing /home/jj1hgp/.vim/pack/mypack/start/syntastic.vim/plugin/syntastic/notifiers.vim
116.830  000.482  000.482: sourcing /home/jj1hgp/.vim/pack/mypack/start/syntastic.vim/plugin/syntastic/registry.vim
117.233  000.156  000.156: sourcing /home/jj1hgp/.vim/pack/mypack/start/syntastic.vim/plugin/syntastic/signs.vim
118.458  062.320  059.875: sourcing /home/jj1hgp/.vim/pack/mypack/start/syntastic.vim/plugin/syntastic.vim
119.952  000.811  000.811: sourcing /home/jj1hgp/.vim/pack/mypack/start/tagbar.vim/plugin/tagbar.vim
120.409  006.200: loading packages
120.577  000.168: loading after plugins
120.634  000.057: inits 3
122.215  001.581: reading viminfo
137.818  015.603: setup clipboard
137.851  000.033: setting raw mode
137.859  000.008: start termcap
137.901  000.042: clearing screen
159.525  000.307  000.307: sourcing /home/jj1hgp/.vim/pack/mypack/start/syntastic.vim/autoload/syntastic/log.vim
159.583  021.375: opening buffers
160.242  000.659: BufEnter autocommands
160.247  000.005: editing files in windows
160.454  000.207: VimEnter autocommands
160.459  000.005: before starting main loop
161.093  000.634: first screen update
161.095  000.002: --- VIM STARTED ---
